<?xml version="1.0" encoding="UTF-8"?>
<testng-results ignored="0" total="2" passed="2" failed="0" skipped="0">
  <reporter-output>
  </reporter-output>
  <suite started-at="2018-09-16T14:23:12Z" name="gmailLogIn" finished-at="2018-09-16T14:23:36Z" duration-ms="24260">
    <groups>
    </groups>
    <test started-at="2018-09-16T14:23:12Z" name="com.google.login" finished-at="2018-09-16T14:23:36Z" duration-ms="24260">
      <class name="com.google.login.DoLogIn">
        <test-method signature="openURL()[pri:0, instance:com.google.login.DoLogIn@ed7f8b4]" started-at="2018-09-16T14:23:12Z" name="openURL" finished-at="2018-09-16T14:23:26Z" duration-ms="14063" status="PASS">
          <reporter-output>
          </reporter-output>
        </test-method> <!-- openURL -->
      </class> <!-- com.google.login.DoLogIn -->
      <class name="com.google.login.DoLogIn2">
        <test-method signature="openURL()[pri:0, instance:com.google.login.DoLogIn2@4c309d4d]" started-at="2018-09-16T14:23:26Z" name="openURL" finished-at="2018-09-16T14:23:36Z" duration-ms="10171" status="PASS">
          <reporter-output>
          </reporter-output>
        </test-method> <!-- openURL -->
      </class> <!-- com.google.login.DoLogIn2 -->
    </test> <!-- com.google.login -->
  </suite> <!-- gmailLogIn -->
</testng-results>
