<?xml version="1.0" encoding="UTF-8"?>
<!-- Generated by org.testng.reporters.JUnitXMLReporter -->
<testsuite ignored="0" hostname="IslamAbdAlazezPC" failures="0" tests="3" name="Default test" time="66.868" errors="0" timestamp="05 Sep 2018 13:25:04 GMT">
  <testcase classname="LinkedIn.profileEdit" name="addIntroProfileSection" time="18.56"/>
  <testcase classname="LinkedIn.profileEdit" name="addBackgroundProfileSection" time="26.78"/>
  <testcase classname="LinkedIn.profileEdit" name="addSkillsProfileSection" time="9.863"/>
</testsuite> <!-- Default test -->
