<?xml version="1.0" encoding="UTF-8"?>
<testng-results ignored="0" total="2" passed="2" failed="0" skipped="0">
  <reporter-output>
  </reporter-output>
  <suite started-at="2018-08-29T14:07:14Z" name="Default suite" finished-at="2018-08-29T14:07:41Z" duration-ms="26367">
    <groups>
    </groups>
    <test started-at="2018-08-29T14:07:14Z" name="Default test" finished-at="2018-08-29T14:07:41Z" duration-ms="26367">
      <class name="LinkedIn.forgotPassword">
        <test-method is-config="true" signature="getInvalidUserCredentials()[pri:0, instance:LinkedIn.forgotPassword@7c83dc97]" started-at="2018-08-29T16:07:14Z" name="getInvalidUserCredentials" finished-at="2018-08-29T16:07:15Z" duration-ms="835" status="PASS">
          <reporter-output>
          </reporter-output>
        </test-method> <!-- getInvalidUserCredentials -->
        <test-method is-config="true" signature="getValidUserCredentials()[pri:0, instance:LinkedIn.forgotPassword@7c83dc97]" started-at="2018-08-29T16:07:15Z" name="getValidUserCredentials" finished-at="2018-08-29T16:07:15Z" duration-ms="55" status="PASS">
          <reporter-output>
          </reporter-output>
        </test-method> <!-- getValidUserCredentials -->
        <test-method is-config="true" signature="BeforeClass()[pri:0, instance:LinkedIn.forgotPassword@7c83dc97]" started-at="2018-08-29T16:07:15Z" name="BeforeClass" finished-at="2018-08-29T16:07:26Z" duration-ms="10927" status="PASS">
          <reporter-output>
          </reporter-output>
        </test-method> <!-- BeforeClass -->
        <test-method signature="unSuccessfulResetPassword(java.lang.String, java.lang.String, java.lang.String, java.lang.String, java.lang.String, java.lang.String)[pri:10, instance:LinkedIn.forgotPassword@7c83dc97]" started-at="2018-08-29T16:07:26Z" name="unSuccessfulResetPassword" data-provider="inValidUserData" finished-at="2018-08-29T16:07:35Z" duration-ms="8842" status="PASS">
          <params>
            <param index="0">
              <value>
                <![CDATA[Ali]]>
              </value>
            </param>
            <param index="1">
              <value>
                <![CDATA[fadel]]>
              </value>
            </param>
            <param index="2">
              <value>
                <![CDATA[ali89afit@gmail.com]]>
              </value>
            </param>
            <param index="3">
              <value>
                <![CDATA[P@ssw0rd]]>
              </value>
            </param>
            <param index="4">
              <value>
                <![CDATA[Saudi Arabia]]>
              </value>
            </param>
            <param index="5">
              <value>
                <![CDATA[35111]]>
              </value>
            </param>
          </params>
          <reporter-output>
          </reporter-output>
        </test-method> <!-- unSuccessfulResetPassword -->
        <test-method signature="successfulResetPassword(java.lang.String, java.lang.String, java.lang.String, java.lang.String, java.lang.String, java.lang.String)[pri:20, instance:LinkedIn.forgotPassword@7c83dc97]" started-at="2018-08-29T16:07:35Z" name="successfulResetPassword" data-provider="validUserData" finished-at="2018-08-29T16:07:40Z" duration-ms="4922" status="PASS">
          <params>
            <param index="0">
              <value>
                <![CDATA[Waleed]]>
              </value>
            </param>
            <param index="1">
              <value>
                <![CDATA[Ali]]>
              </value>
            </param>
            <param index="2">
              <value>
                <![CDATA[islamtalkha83@gmail.com]]>
              </value>
            </param>
            <param index="3">
              <value>
                <![CDATA[P@ssw0rd85]]>
              </value>
            </param>
            <param index="4">
              <value>
                <![CDATA[Egypt]]>
              </value>
            </param>
            <param index="5">
              <value>
                <![CDATA[35681]]>
              </value>
            </param>
          </params>
          <reporter-output>
          </reporter-output>
        </test-method> <!-- successfulResetPassword -->
        <test-method is-config="true" signature="afterTest()[pri:0, instance:LinkedIn.forgotPassword@7c83dc97]" started-at="2018-08-29T16:07:40Z" name="afterTest" finished-at="2018-08-29T16:07:41Z" duration-ms="645" status="PASS">
          <reporter-output>
          </reporter-output>
        </test-method> <!-- afterTest -->
      </class> <!-- LinkedIn.forgotPassword -->
    </test> <!-- Default test -->
  </suite> <!-- Default suite -->
</testng-results>
