<?xml version="1.0" encoding="UTF-8"?>
<!-- Generated by org.testng.reporters.JUnitXMLReporter -->
<testsuite ignored="1" hostname="IslamAbdAlazezPC" failures="0" tests="1" name="com.google.login" time="30.567" errors="0" timestamp="17 Sep 2018 15:04:01 GMT">
  <testcase classname="com.linkedIn.maven.logIn" name="successfulUserLogIn" time="15.482"/>
  <testcase classname="com.linkedIn.maven.logIn" name="notSuccessfulUserLogIn" time="0.0">
    <ignored/>
  </testcase> <!-- notSuccessfulUserLogIn -->
</testsuite> <!-- com.google.login -->
